# JRE version: Java(TM) SE Runtime Environment 18.9 (11.0.15+8) (build 11.0.15+8-LTS-149)
# Java VM: Java HotSpot(TM) 64-Bit Server VM 18.9 (11.0.15+8-LTS-149, mixed mode, tiered, compressed oops, g1 gc, windows-amd64)
Heap:
 garbage-first heap   total 157696K, used 10941K [0x0000000080000000, 0x0000000100000000)
  region size 1024K, 4 young (4096K), 4 survivors (4096K)
 Metaspace       used 23158K, capacity 23593K, committed 23680K, reserved 1087488K
  class space    used 2691K, capacity 2870K, committed 2944K, reserved 1048576K
GC Heap History (10 events):
Event: 1.375 GC heap before
{Heap before GC invocations=2 (full 0):
 garbage-first heap   total 131072K, used 16286K [0x0000000080000000, 0x0000000100000000)
  region size 1024K, 11 young (11264K), 1 survivors (1024K)
 Metaspace       used 10469K, capacity 10607K, committed 10752K, reserved 1058816K
  class space    used 972K, capacity 1022K, committed 1024K, reserved 1048576K
}
Event: 1.379 GC heap after
{Heap after GC invocations=3 (full 0):
 garbage-first heap   total 131072K, used 6949K [0x0000000080000000, 0x0000000100000000)
  region size 1024K, 2 young (2048K), 2 survivors (2048K)
 Metaspace       used 10469K, capacity 10607K, committed 10752K, reserved 1058816K
  class space    used 972K, capacity 1022K, committed 1024K, reserved 1048576K
}
Event: 1.696 GC heap before
{Heap before GC invocations=3 (full 0):
 garbage-first heap   total 131072K, used 20261K [0x0000000080000000, 0x0000000100000000)
  region size 1024K, 16 young (16384K), 2 survivors (2048K)
 Metaspace       used 12090K, capacity 12344K, committed 12544K, reserved 1060864K
  class space    used 1160K, capacity 1266K, committed 1280K, reserved 1048576K
}
Event: 1.706 GC heap after
{Heap after GC invocations=4 (full 0):
 garbage-first heap   total 131072K, used 7157K [0x0000000080000000, 0x0000000100000000)
  region size 1024K, 2 young (2048K), 2 survivors (2048K)
 Metaspace       used 12090K, capacity 12344K, committed 12544K, reserved 1060864K
  class space    used 1160K, capacity 1266K, committed 1280K, reserved 1048576K
}
Event: 2.353 GC heap before
{Heap before GC invocations=4 (full 0):
 garbage-first heap   total 131072K, used 29685K [0x0000000080000000, 0x0000000100000000)
  region size 1024K, 24 young (24576K), 2 survivors (2048K)
 Metaspace       used 16118K, capacity 16422K, committed 16640K, reserved 1064960K
  class space    used 1635K, capacity 1739K, committed 1792K, reserved 1048576K
}
Event: 2.361 GC heap after
{Heap after GC invocations=5 (full 0):
 garbage-first heap   total 157696K, used 8092K [0x0000000080000000, 0x0000000100000000)
  region size 1024K, 2 young (2048K), 2 survivors (2048K)
 Metaspace       used 16118K, capacity 16422K, committed 16640K, reserved 1064960K
  class space    used 1635K, capacity 1739K, committed 1792K, reserved 1048576K
}
Event: 3.126 GC heap before
{Heap before GC invocations=5 (full 0):
 garbage-first heap   total 157696K, used 42908K [0x0000000080000000, 0x0000000100000000)
  region size 1024K, 37 young (37888K), 2 survivors (2048K)
 Metaspace       used 20750K, capacity 21143K, committed 21248K, reserved 1069056K
  class space    used 2289K, capacity 2482K, committed 2560K, reserved 1048576K
}
Event: 3.136 GC heap after
{Heap after GC invocations=6 (full 0):
 garbage-first heap   total 157696K, used 9471K [0x0000000080000000, 0x0000000100000000)
  region size 1024K, 4 young (4096K), 4 survivors (4096K)
 Metaspace       used 20750K, capacity 21143K, committed 21248K, reserved 1069056K
  class space    used 2289K, capacity 2482K, committed 2560K, reserved 1048576K
}
Event: 3.455 GC heap before
{Heap before GC invocations=7 (full 0):
 garbage-first heap   total 157696K, used 24831K [0x0000000080000000, 0x0000000100000000)
  region size 1024K, 21 young (21504K), 4 survivors (4096K)
 Metaspace       used 22562K, capacity 22958K, committed 23040K, reserved 1079296K
  class space    used 2605K, capacity 2788K, committed 2816K, reserved 1048576K
}
Event: 3.469 GC heap after
{Heap after GC invocations=8 (full 0):
 garbage-first heap   total 157696K, used 10140K [0x0000000080000000, 0x0000000100000000)
  region size 1024K, 4 young (4096K), 4 survivors (4096K)
 Metaspace       used 22562K, capacity 22958K, committed 23040K, reserved 1079296K
  class space    used 2605K, capacity 2788K, committed 2816K, reserved 1048576K
}

