# JRE version: Java(TM) SE Runtime Environment 18.9 (11.0.15+8) (build 11.0.15+8-LTS-149)
# Java VM: Java HotSpot(TM) 64-Bit Server VM 18.9 (11.0.15+8-LTS-149, mixed mode, tiered, compressed oops, g1 gc, windows-amd64)
Heap:
 garbage-first heap   total 189440K, used 98204K [0x0000000080000000, 0x0000000100000000)
  region size 1024K, 79 young (80896K), 9 survivors (9216K)
 Metaspace       used 67259K, capacity 69403K, committed 69632K, reserved 1110016K
  class space    used 8527K, capacity 9417K, committed 9472K, reserved 1048576K
GC Heap History (10 events):
Event: 6.606 GC heap before
{Heap before GC invocations=8 (full 0):
 garbage-first heap   total 157696K, used 99896K [0x0000000080000000, 0x0000000100000000)
  region size 1024K, 92 young (94208K), 7 survivors (7168K)
 Metaspace       used 33970K, capacity 34724K, committed 34816K, reserved 1079296K
  class space    used 4032K, capacity 4303K, committed 4352K, reserved 1048576K
}
Event: 6.631 GC heap after
{Heap after GC invocations=9 (full 0):
 garbage-first heap   total 157696K, used 15770K [0x0000000080000000, 0x0000000100000000)
  region size 1024K, 9 young (9216K), 9 survivors (9216K)
 Metaspace       used 33970K, capacity 34724K, committed 34816K, reserved 1079296K
  class space    used 4032K, capacity 4303K, committed 4352K, reserved 1048576K
}
Event: 6.842 GC heap before
{Heap before GC invocations=9 (full 0):
 garbage-first heap   total 157696K, used 21914K [0x0000000080000000, 0x0000000100000000)
  region size 1024K, 16 young (16384K), 9 survivors (9216K)
 Metaspace       used 34989K, capacity 35779K, committed 35840K, reserved 1081344K
  class space    used 4168K, capacity 4463K, committed 4480K, reserved 1048576K
}
Event: 6.864 GC heap after
{Heap after GC invocations=10 (full 0):
 garbage-first heap   total 189440K, used 16061K [0x0000000080000000, 0x0000000100000000)
  region size 1024K, 7 young (7168K), 7 survivors (7168K)
 Metaspace       used 34989K, capacity 35779K, committed 35840K, reserved 1081344K
  class space    used 4168K, capacity 4463K, committed 4480K, reserved 1048576K
}
Event: 9.786 GC heap before
{Heap before GC invocations=11 (full 0):
 garbage-first heap   total 189440K, used 121533K [0x0000000080000000, 0x0000000100000000)
  region size 1024K, 110 young (112640K), 7 survivors (7168K)
 Metaspace       used 45723K, capacity 46787K, committed 46976K, reserved 1089536K
  class space    used 5607K, capacity 5999K, committed 6016K, reserved 1048576K
}
Event: 9.819 GC heap after
{Heap after GC invocations=12 (full 0):
 garbage-first heap   total 189440K, used 20669K [0x0000000080000000, 0x0000000100000000)
  region size 1024K, 11 young (11264K), 11 survivors (11264K)
 Metaspace       used 45723K, capacity 46787K, committed 46976K, reserved 1089536K
  class space    used 5607K, capacity 5999K, committed 6016K, reserved 1048576K
}
Event: 12.434 GC heap before
{Heap before GC invocations=12 (full 0):
 garbage-first heap   total 189440K, used 123069K [0x0000000080000000, 0x0000000100000000)
  region size 1024K, 111 young (113664K), 11 survivors (11264K)
 Metaspace       used 54474K, capacity 56120K, committed 56448K, reserved 1097728K
  class space    used 6796K, capacity 7435K, committed 7552K, reserved 1048576K
}
Event: 12.481 GC heap after
{Heap after GC invocations=13 (full 0):
 garbage-first heap   total 189440K, used 26573K [0x0000000080000000, 0x0000000100000000)
  region size 1024K, 12 young (12288K), 12 survivors (12288K)
 Metaspace       used 54474K, capacity 56120K, committed 56448K, reserved 1097728K
  class space    used 6796K, capacity 7435K, committed 7552K, reserved 1048576K
}
Event: 13.467 GC heap before
{Heap before GC invocations=13 (full 0):
 garbage-first heap   total 189440K, used 60365K [0x0000000080000000, 0x0000000100000000)
  region size 1024K, 46 young (47104K), 12 survivors (12288K)
 Metaspace       used 58492K, capacity 60131K, committed 60160K, reserved 1101824K
  class space    used 7358K, capacity 8064K, committed 8064K, reserved 1048576K
}
Event: 13.512 GC heap after
{Heap after GC invocations=14 (full 0):
 garbage-first heap   total 189440K, used 28572K [0x0000000080000000, 0x0000000100000000)
  region size 1024K, 9 young (9216K), 9 survivors (9216K)
 Metaspace       used 58492K, capacity 60131K, committed 60160K, reserved 1101824K
  class space    used 7358K, capacity 8064K, committed 8064K, reserved 1048576K
}

